<?xml version="1.0" encoding="UTF-8"?>
<!-- Generated by org.testng.reporters.JUnitXMLReporter -->
<testsuite ignored="0" hostname="user-PC" failures="1" tests="1" name="Test" time="58.409" errors="0" timestamp="2022-01-01T00:42:08 IST">
  <testcase classname="webTest.EmailLoginTest" name="TC_1_Login" time="58.327">
    <failure type="java.lang.AssertionError" message="The following asserts failed:
	expected [Zeebusiness] but found [Zeebusiness..]">
      <![CDATA[java.lang.AssertionError: The following asserts failed:
expected [Zeebusiness] but found [Zeebusiness..]
at pageObject.LoginPage.getTitle(LoginPage.java:131)
at webTest.EmailLoginTest.TC_1_Login(EmailLoginTest.java:25)
at java.base/java.util.ArrayList.forEach(ArrayList.java:1511)
... Removed 29 stack frames]]>
    </failure>
  </testcase> <!-- TC_1_Login -->
</testsuite> <!-- Test -->
