<?xml version="1.0" encoding="UTF-8"?>
<!-- Generated by org.testng.reporters.JUnitXMLReporter -->
<testsuite ignored="0" hostname="user-PC" failures="2" tests="2" name="Zee Business Sanity test" time="113.874" errors="0" timestamp="2022-01-01T02:33:37 IST">
  <testcase classname="webTest.EmailLoginTest" name="TC_1_Login" time="113.3">
    <failure type="java.lang.AssertionError" message="The following asserts failed:
	expected [Zeebusiness] but found [Zeebusinessffff]">
      <![CDATA[java.lang.AssertionError: The following asserts failed:
expected [Zeebusiness] but found [Zeebusinessffff]
at pageObject.LoginPage.getTitle(LoginPage.java:136)
at webTest.EmailLoginTest.TC_1_Login(EmailLoginTest.java:25)
at java.base/java.util.ArrayList.forEach(ArrayList.java:1511)
... Removed 29 stack frames]]>
    </failure>
  </testcase> <!-- TC_1_Login -->
  <testcase classname="webTest.EmailLoginTest" name="TC_1_Login" time="113.584">
    <failure type="java.lang.NullPointerException" message="Cannot invoke &amp;quot;org.openqa.selenium.TakesScreenshot.getScreenshotAs(org.openqa.selenium.OutputType)&amp;quot; because &amp;quot;driver&amp;quot; is null">
      <![CDATA[java.lang.NullPointerException: Cannot invoke "org.openqa.selenium.TakesScreenshot.getScreenshotAs(org.openqa.selenium.OutputType)" because "driver" is null
at resources.WebLaunch.getScreenshot(WebLaunch.java:40)
at webTest.Listeners.onTestFailure(Listeners.java:51)
at java.base/java.util.ArrayList.forEach(ArrayList.java:1511)
... Removed 24 stack frames]]>
    </failure>
  </testcase> <!-- TC_1_Login -->
</testsuite> <!-- Zee Business Sanity test -->
